<?xml version="1.0" encoding="UTF-8"?>
<testsuite xmlns:xsi="http://www.w3.org/2001/XMLSchema-instance" xsi:noNamespaceSchemaLocation="https://maven.apache.org/surefire/maven-surefire-plugin/xsd/surefire-test-report-3.0.xsd" version="3.0" name="com.test.finance.repository.LocalAPITests" time="0.068" tests="4" errors="0" skipped="0" failures="0">
  <properties>
[...]
</properties>
  <testcase name="test_getCurrency" classname="com.test.finance.repository.LocalAPITests" time="0.006"/>
  <testcase name="test_convert" classname="com.test.finance.repository.LocalAPITests" time="0.0"/>
  <testcase name="test_getCurrencies" classname="com.test.finance.repository.LocalAPITests" time="0.0"/>
  <testcase name="test_convertNotFound" classname="com.test.finance.repository.LocalAPITests" time="0.0"/>
</testsuite>